"../../../../../../Capstone_Group12/Cap/Content/Assets/Images/Avatar.uasset" 0
"../../../../../../Capstone_Group12/Cap/Content/Assets/Images/Correct.uasset" 1
"../../../../../../Capstone_Group12/Cap/Content/Assets/Images/DigitalModel.uasset" 2
"../../../../../../Capstone_Group12/Cap/Content/Assets/Images/half.uasset" 3
"../../../../../../Capstone_Group12/Cap/Content/Assets/Images/Prompt.uasset" 4
"../../../../../../Capstone_Group12/Cap/Content/Assets/Images/Undefined.uasset" 5
"../../../../../../Capstone_Group12/Cap/Content/Assets/Images/void.uasset" 6
"../../../../../../Capstone_Group12/Cap/Content/Assets/Images/Wrong.uasset" 7
"../../../../../../Capstone_Group12/Cap/Content/Assets/Images/adrenaline.uasset" 8
"../../../../../../Capstone_Group12/Cap/Content/Assets/Materials/adrenaline_Mat.uasset" 9
"../../../../../../Capstone_Group12/Cap/Content/UI/HUD/PickupWidget2.uasset" 10
"../../../../../../Capstone_Group12/Cap/Content/Assets/Images/flash.uasset" 11
"../../../../../../Capstone_Group12/Cap/Content/Assets/Materials/flash_Mat.uasset" 12
"../../../Engine/Content/EngineMaterials/T_Default_Material_Grid_N.uasset" 13
"../../../Engine/Content/EngineMaterials/T_Default_Material_Grid_M.uasset" 14
"../../../Engine/Content/Functions/Engine_MaterialFunctions01/Opacity/CameraDepthFade.uasset" 15
"../../../Engine/Content/EngineMaterials/WorldGridMaterial.uasset" 16
"../../../Engine/Content/BasicShapes/Cube.uasset" 17
"../../../Engine/Content/EditorBlueprintResources/StandardMacros.uasset" 18
"../../../../../../Capstone_Group12/Cap/Content/Blueprints/PickUps/BP_Flash.uasset" 19
"../../../../../../Capstone_Group12/Cap/Content/Blueprints/BP_Flash.uasset" 20
"../../../../../../Capstone_Group12/Cap/Content/UI/HUD/PickupWidget.uasset" 21
"../../../../../../Capstone_Group12/Cap/Content/Assets/Images/key.uasset" 22
"../../../../../../Capstone_Group12/Cap/Content/Assets/Materials/key_Mat.uasset" 23
"../../../../../../Capstone_Group12/Cap/Content/Blueprints/PickUps/BP_Fragment.uasset" 24
"../../../../../../Capstone_Group12/Cap/Content/Blueprints/BP_Fragment.uasset" 25
"../../../../../../Capstone_Group12/Cap/Content/Blueprints/BP_GameState.uasset" 26
"../../../../../../Capstone_Group12/Cap/Content/Mannequin/Character/Mesh/SK_Mannequin_PhysicsAsset.uasset" 27
"../../../../../../Capstone_Group12/Cap/Content/Mannequin/Character/Textures/T_UE4Logo_N.uasset" 28
"../../../../../../Capstone_Group12/Cap/Content/Mannequin/Character/Textures/T_UE4Logo_Mask.uasset" 29
"../../../../../../Capstone_Group12/Cap/Content/Mannequin/Character/Textures/T_Male_N.uasset" 30
"../../../../../../Capstone_Group12/Cap/Content/Mannequin/Character/Textures/T_Male_Mask.uasset" 31
"../../../../../../Capstone_Group12/Cap/Content/Mannequin/Character/Materials/MaterialLayers/T_ML_Rubber_Blue_01_N.uasset" 32
"../../../../../../Capstone_Group12/Cap/Content/Mannequin/Character/Materials/MaterialLayers/T_ML_Rubber_Blue_01_D.uasset" 33
"../../../../../../Capstone_Group12/Cap/Content/Mannequin/Character/Materials/MaterialLayers/T_ML_Aluminum01_N.uasset" 34
"../../../../../../Capstone_Group12/Cap/Content/Mannequin/Character/Materials/MaterialLayers/T_ML_Aluminum01.uasset" 35
"../../../../../../Capstone_Group12/Cap/Content/Mannequin/Character/Materials/MaterialLayers/ML_SoftMetal_UE4.uasset" 36
"../../../../../../Capstone_Group12/Cap/Content/Mannequin/Character/Materials/MaterialLayers/ML_Plastic_Shiny_Beige_LOGO.uasset" 37
"../../../../../../Capstone_Group12/Cap/Content/Mannequin/Character/Materials/MaterialLayers/ML_Plastic_Shiny_Beige.uasset" 38
"../../../../../../Capstone_Group12/Cap/Content/Mannequin/Character/Materials/MaterialLayers/ML_GlossyBlack_Latex_UE4.uasset" 39
"../../../Engine/Content/Functions/MaterialLayerFunctions/MatLayerBlend_Simple.uasset" 40
"../../../Engine/Content/Functions/Engine_MaterialFunctions02/Utility/BlendAngleCorrectedNormals.uasset" 41
"../../../Engine/Content/Functions/MaterialLayerFunctions/MatLayerBlend_NormalBlend.uasset" 42
"../../../../../../Capstone_Group12/Cap/Content/Mannequin/Character/Materials/M_Male_Body.uasset" 43
"../../../../../../Capstone_Group12/Cap/Content/Mannequin/Character/Materials/M_UE4Man_ChestLogo.uasset" 44
"../../../../../../Capstone_Group12/Cap/Content/Mannequin/Character/Mesh/UE4_Mannequin_Skeleton.uasset" 45
"../../../../../../Capstone_Group12/Cap/Content/Mannequin/Character/Mesh/SK_Mannequin.uasset" 46
"../../../../../../Capstone_Group12/Cap/Content/Mannequin/Animations/ThirdPersonWalk.uasset" 47
"../../../../../../Capstone_Group12/Cap/Content/Mannequin/Animations/ThirdPersonRun.uasset" 48
"../../../../../../Capstone_Group12/Cap/Content/Mannequin/Animations/ThirdPersonIdle.uasset" 49
"../../../../../../Capstone_Group12/Cap/Content/Mannequin/Animations/ThirdPerson_IdleRun_2D.uasset" 50
"../../../../../../Capstone_Group12/Cap/Content/Mannequin/Animations/ThirdPerson_Jump.uasset" 51
"../../../../../../Capstone_Group12/Cap/Content/Mannequin/Animations/ThirdPersonJump_Start.uasset" 52
"../../../../../../Capstone_Group12/Cap/Content/Mannequin/Animations/ThirdPersonJump_Loop.uasset" 53
"../../../../../../Capstone_Group12/Cap/Content/Mannequin/Animations/ThirdPerson_AnimBP.uasset" 54
"../../../../../../Capstone_Group12/Cap/Content/Blueprints/BP_EDifficultyLevel.uasset" 55
"../../../../../../Capstone_Group12/Cap/Content/Blueprints/BP_GameInstance.uasset" 56
"../../../../../../Capstone_Group12/Cap/Content/Assets/Images/Energy.uasset" 57
"../../../../../../Capstone_Group12/Cap/Content/Assets/Images/Health.uasset" 58
"../../../../../../Capstone_Group12/Cap/Content/Assets/Images/Heart.uasset" 59
"../../../../../../Capstone_Group12/Cap/Content/Assets/Images/RedEnergy.uasset" 60
"../../../../../../Capstone_Group12/Cap/Content/Assets/Images/vaccine.uasset" 61
"../../../../../../Capstone_Group12/Cap/Content/Assets/Images/Arrow_UP.uasset" 62
"../../../../../../Capstone_Group12/Cap/Content/Assets/Images/Arrow_DOWN.uasset" 63
"../../../../../../Capstone_Group12/Cap/Content/Assets/Images/Arrow_LEFT.uasset" 64
"../../../../../../Capstone_Group12/Cap/Content/Assets/Images/Arrow_RIGHT.uasset" 65
"../../../../../../Capstone_Group12/Cap/Content/UI/HUD/Full_Codex.uasset" 66
"../../../../../../Capstone_Group12/Cap/Content/ThirdPersonCPP/Blueprints/ThirdPersonCharacter.uasset" 67
"../../../../../../Capstone_Group12/Cap/Content/Blueprints/BP_GameMode.uasset" 68
"../../../../../../Capstone_Group12/Cap/Content/Assets/Images/firstaid.uasset" 69
"../../../../../../Capstone_Group12/Cap/Content/Assets/Materials/firstaid_Mat.uasset" 70
"../../../../../../Capstone_Group12/Cap/Content/Blueprints/PickUps/BP_FirstAid.uasset" 71
"../../../../../../Capstone_Group12/Cap/Content/Mannequin/Animations/ThirdPersonJump_End.uasset" 72
"../../../../../../Capstone_Group12/Cap/Content/Mannequin/Character/Mesh/SK_Mannequin_Female_PhysicsAsset.uasset" 73
"../../../../../../Capstone_Group12/Cap/Content/Mannequin/Character/Textures/T_Female_N.uasset" 74
"../../../../../../Capstone_Group12/Cap/Content/Mannequin/Character/Textures/T_Female_Mask.uasset" 75
"../../../../../../Capstone_Group12/Cap/Content/Mannequin/Character/Materials/MI_Female_Body.uasset" 76
"../../../../../../Capstone_Group12/Cap/Content/Mannequin/Character/Mesh/SK_Mannequin_Female.uasset" 77
"../../../../../../Capstone_Group12/Cap/Content/StarterContent/Materials/M_Basic_Wall.uasset" 78
"../../../../../../Capstone_Group12/Cap/Content/StarterContent/Architecture/Pillar_50x500.uasset" 79
"../../../../../../Capstone_Group12/Cap/Content/StarterContent/Architecture/Wall_400x300.uasset" 80
"../../../../../../Capstone_Group12/Cap/Content/StarterContent/Architecture/Wall_400x400.uasset" 81
"../../../../../../Capstone_Group12/Cap/Content/StarterContent/Architecture/Wall_500x500.uasset" 82
"../../../../../../Capstone_Group12/Cap/Content/StarterContent/Architecture/Wall_Door_400x400.uasset" 83
"../../../../../../Capstone_Group12/Cap/Content/StarterContent/Architecture/Wall_Window_400x400.uasset" 84
"../../../../../../Capstone_Group12/Cap/Content/StarterContent/Audio/Collapse01.uasset" 85
"../../../../../../Capstone_Group12/Cap/Content/StarterContent/Audio/Collapse02.uasset" 86
"../../../../../../Capstone_Group12/Cap/Content/StarterContent/Audio/Explosion01.uasset" 87
"../../../../../../Capstone_Group12/Cap/Content/StarterContent/Audio/Explosion02.uasset" 88
"../../../../../../Capstone_Group12/Cap/Content/StarterContent/Audio/Fire01.uasset" 89
"../../../../../../Capstone_Group12/Cap/Content/StarterContent/Audio/Fire_Sparks01.uasset" 90
"../../../../../../Capstone_Group12/Cap/Content/StarterContent/Audio/Light01.uasset" 91
"../../../../../../Capstone_Group12/Cap/Content/StarterContent/Audio/Light01_Cue.uasset" 92
"../../../../../../Capstone_Group12/Cap/Content/StarterContent/Audio/Light02.uasset" 93
"../../../../../../Capstone_Group12/Cap/Content/StarterContent/Audio/Light02_Cue.uasset" 94
"../../../../../../Capstone_Group12/Cap/Content/StarterContent/Audio/Smoke01.uasset" 95
"../../../../../../Capstone_Group12/Cap/Content/StarterContent/Audio/Starter_Birds01.uasset" 96
"../../../../../../Capstone_Group12/Cap/Content/StarterContent/Audio/Starter_Music01.uasset" 97
"../../../../../../Capstone_Group12/Cap/Content/StarterContent/Audio/Starter_Wind05.uasset" 98
"../../../../../../Capstone_Group12/Cap/Content/StarterContent/Audio/Starter_Wind06.uasset" 99
"../../../../../../Capstone_Group12/Cap/Content/StarterContent/Audio/Steam01.uasset" 100
"../../../../../../Capstone_Group12/Cap/Content/StarterContent/Audio/Explosion_Cue.uasset" 101
"../../../../../../Capstone_Group12/Cap/Content/StarterContent/Textures/T_Smoke_Tiled_D.uasset" 102
"../../../../../../Capstone_Group12/Cap/Content/StarterContent/Textures/T_Smoke_SubUV.uasset" 103
"../../../../../../Capstone_Group12/Cap/Content/StarterContent/Particles/Materials/M_smoke_subUV.uasset" 104
"../../../Engine/Content/Functions/Engine_MaterialFunctions01/Gradient/RadialGradient.uasset" 105
"../../../../../../Capstone_Group12/Cap/Content/StarterContent/Particles/Materials/M_radial_ramp.uasset" 106
"../../../../../../Capstone_Group12/Cap/Content/StarterContent/Particles/Materials/m_flare_01.uasset" 107
"../../../../../../Capstone_Group12/Cap/Content/StarterContent/Textures/T_Explosion_SubUV.uasset" 108
"../../../../../../Capstone_Group12/Cap/Content/StarterContent/Particles/Materials/M_explosion_subUV.uasset" 109
"../../../../../../Capstone_Group12/Cap/Content/StarterContent/Textures/T_Burst_M.uasset" 110
"../../../../../../Capstone_Group12/Cap/Content/StarterContent/Particles/Materials/M_Burst.uasset" 111
"../../../../../../Capstone_Group12/Cap/Content/StarterContent/Particles/P_Explosion.uasset" 112
"../../../../../../Capstone_Group12/Cap/Content/StarterContent/Blueprints/Blueprint_Effect_Explosion.uasset" 113
"../../../Engine/Content/EditorMeshes/ColorCalibrator/T_ColorGrid.uasset" 114
"../../../../../../Capstone_Group12/Cap/Content/StarterContent/Materials/M_ColorGrid_LowSpec.uasset" 115
"../../../../../../Capstone_Group12/Cap/Content/StarterContent/Textures/T_Bush_N.uasset" 116
"../../../../../../Capstone_Group12/Cap/Content/StarterContent/Textures/T_Bush_D.uasset" 117
"../../../../../../Capstone_Group12/Cap/Content/StarterContent/Props/Materials/M_Bush.uasset" 118
"../../../../../../Capstone_Group12/Cap/Content/StarterContent/Props/SM_Bush.uasset" 119
"../../../../../../Capstone_Group12/Cap/Content/StarterContent/Textures/T_Chair_N.uasset" 120
"../../../../../../Capstone_Group12/Cap/Content/StarterContent/Textures/T_Chair_M.uasset" 121
"../../../../../../Capstone_Group12/Cap/Content/StarterContent/Props/Materials/M_Chair.uasset" 122
"../../../../../../Capstone_Group12/Cap/Content/StarterContent/Props/SM_Couch.uasset" 123
"../../../../../../Capstone_Group12/Cap/Content/StarterContent/Materials/M_Glass.uasset" 124
"../../../../../../Capstone_Group12/Cap/Content/StarterContent/Textures/T_Door_N.uasset" 125
"../../../../../../Capstone_Group12/Cap/Content/StarterContent/Textures/T_Door_M.uasset" 126
"../../../../../../Capstone_Group12/Cap/Content/StarterContent/Props/Materials/M_Door.uasset" 127
"../../../../../../Capstone_Group12/Cap/Content/StarterContent/Props/SM_Door.uasset" 128
"../../../../../../Capstone_Group12/Cap/Content/StarterContent/Props/Materials/M_MaterialSphere_Plain.uasset" 129
"../../../../../../Capstone_Group12/Cap/Content/StarterContent/Props/Materials/M_MaterialSphere.uasset" 130
"../../../../../../Capstone_Group12/Cap/Content/StarterContent/Props/SM_MatPreviewMesh_02.uasset" 131
"../../../../../../Capstone_Group12/Cap/Content/StarterContent/Textures/T_Rock_Basalt_D.uasset" 132
"../../../../../../Capstone_Group12/Cap/Content/StarterContent/Textures/T_Detail_Rocky_N.uasset" 133
"../../../../../../Capstone_Group12/Cap/Content/StarterContent/Textures/T_RockMesh_N.uasset" 134
"../../../../../../Capstone_Group12/Cap/Content/StarterContent/Textures/T_RockMesh_M.uasset" 135
"../../../../../../Capstone_Group12/Cap/Content/StarterContent/Props/Materials/M_Rock.uasset" 136
"../../../../../../Capstone_Group12/Cap/Content/StarterContent/Props/SM_Rock.uasset" 137
"../../../../../../Capstone_Group12/Cap/Content/StarterContent/Textures/T_Shelf_N.uasset" 138
"../../../../../../Capstone_Group12/Cap/Content/StarterContent/Textures/T_Shelf_M.uasset" 139
"../../../../../../Capstone_Group12/Cap/Content/StarterContent/Props/Materials/M_Shelf.uasset" 140
"../../../../../../Capstone_Group12/Cap/Content/StarterContent/Props/SM_Shelf.uasset" 141
"../../../../../../Capstone_Group12/Cap/Content/StarterContent/Materials/M_Basic_Floor.uasset" 142
"../../../../../../Capstone_Group12/Cap/Content/StarterContent/Props/SM_Stairs.uasset" 143
"../../../../../../Capstone_Group12/Cap/Content/Assets/Materials/vaccine_Mat.uasset" 144
"../../../../../../Capstone_Group12/Cap/Content/Blueprints/PickUps/BP_PainKiller.uasset" 145
"../../../../../../Capstone_Group12/Cap/Content/StarterContent/Shapes/Shape_Cone.uasset" 146
"../../../../../../Capstone_Group12/Cap/Content/StarterContent/Shapes/Shape_Cylinder.uasset" 147
"../../../../../../Capstone_Group12/Cap/Content/StarterContent/Shapes/Shape_NarrowCapsule.uasset" 148
"../../../../../../Capstone_Group12/Cap/Content/StarterContent/Shapes/Shape_Pipe.uasset" 149
"../../../../../../Capstone_Group12/Cap/Content/StarterContent/Shapes/Shape_Pipe_180.uasset" 150
"../../../../../../Capstone_Group12/Cap/Content/StarterContent/Shapes/Shape_Pipe_90.uasset" 151
"../../../../../../Capstone_Group12/Cap/Content/StarterContent/Shapes/Shape_Plane.uasset" 152
"../../../../../../Capstone_Group12/Cap/Content/StarterContent/Shapes/Shape_Torus.uasset" 153
"../../../../../../Capstone_Group12/Cap/Content/StarterContent/Shapes/Shape_Trim.uasset" 154
"../../../../../../Capstone_Group12/Cap/Content/StarterContent/Shapes/Shape_Trim_90_In.uasset" 155
"../../../../../../Capstone_Group12/Cap/Content/StarterContent/Shapes/Shape_Trim_90_Out.uasset" 156
"../../../../../../Capstone_Group12/Cap/Content/StarterContent/Shapes/Shape_TriPyramid.uasset" 157
"../../../../../../Capstone_Group12/Cap/Content/StarterContent/Shapes/Shape_Tube.uasset" 158
"../../../../../../Capstone_Group12/Cap/Content/StarterContent/Shapes/Shape_Wedge_A.uasset" 159
"../../../../../../Capstone_Group12/Cap/Content/StarterContent/Shapes/Shape_Wedge_B.uasset" 160
"../../../../../../Capstone_Group12/Cap/Content/StarterContent/Shapes/Shape_WideCapsule.uasset" 161
"../../../../../../Capstone_Group12/Cap/Content/UI/HUD/HealthBar.uasset" 162
"../../../../../../Capstone_Group12/Cap/Content/UI/HUD/Test_EnergyBar.uasset" 163
"../../../../../../Capstone_Group12/Cap/Content/UI/HUD/Test_HealthBar.uasset" 164
"../../../../../../Capstone_Group12/Cap/Content/UI/HUD/Test_Keys.uasset" 165
"../../../../../../Capstone_Group12/Cap/Content/UI/Notifications/Notification.uasset" 166
"../../../../../../Capstone_Group12/Cap/Content/UI/Puzzle/words.uasset" 167
"../../../Engine/Content/Animation/DefaultAnimBoneCompressionSettings.uasset" 168
"../../../Engine/Content/Animation/DefaultAnimCurveCompressionSettings.uasset" 169
"../../../Engine/Content/ArtTools/RenderToTexture/Meshes/S_1_Unit_Plane.uasset" 170
"../../../Engine/Content/EngineMaterials/DefaultMaterial.uasset" 171
"../../../Engine/Content/BasicShapes/Cone.uasset" 172
"../../../Engine/Content/EditorLandscapeResources/DataLayer.uasset" 173
"../../../Engine/Content/EditorLandscapeResources/DefaultAlphaTexture.uasset" 174
"../../../Engine/Content/EditorMaterials/MAT_Groups_Toggle.uasset" 175
"../../../Engine/Content/EditorMaterials/MAT_Groups_Visibility.uasset" 176
"../../../Engine/Content/EditorMaterials/PreviewShadowIndicator.uasset" 177
"../../../Engine/Content/EditorMaterials/PreviewShadowIndicatorMaterial.uasset" 178
"../../../Engine/Content/EditorMaterials/MatineeGroups/MAT_ColorTrack.uasset" 179
"../../../Engine/Content/EditorMaterials/MatineeGroups/MAT_Groups_Anim.uasset" 180
"../../../Engine/Content/EditorMaterials/MatineeGroups/MAT_Groups_AudioMaster.uasset" 181
"../../../Engine/Content/EditorMaterials/MatineeGroups/MAT_Groups_Director.uasset" 182
"../../../Engine/Content/EditorMaterials/MatineeGroups/MAT_Groups_Event.uasset" 183
"../../../Engine/Content/EditorMaterials/MatineeGroups/MAT_Groups_Fade.uasset" 184
"../../../Engine/Content/EditorMaterials/MatineeGroups/MAT_Groups_Float.uasset" 185
"../../../Engine/Content/EditorMaterials/MatineeGroups/MAT_Groups_Move.uasset" 186
"../../../Engine/Content/EditorMaterials/MatineeGroups/MAT_Groups_Slomo.uasset" 187
"../../../Engine/Content/EditorMaterials/MatineeGroups/MAT_Groups_Sound.uasset" 188
"../../../Engine/Content/EditorMaterials/MatineeGroups/MAT_Groups_Vector.uasset" 189
"../../../Engine/Content/EditorMaterials/ParticleSystems/PSysThumbnail_NoImage.uasset" 190
"../../../Engine/Content/EditorMaterials/ParticleSystems/PSysThumbnail_OOD.uasset" 191
"../../../Engine/Content/EditorMaterials/Camera/CineMat.uasset" 192
"../../../Engine/Content/EditorMaterials/Camera/MI_CineMat_Rig.uasset" 193
"../../../Engine/Content/EditorMeshes/Camera/SM_CraneRig_Arm.uasset" 194
"../../../Engine/Content/EditorMeshes/Camera/SM_CraneRig_Base.uasset" 195
"../../../Engine/Content/EditorMeshes/Camera/SM_CraneRig_Body.uasset" 196
"../../../Engine/Content/EditorMeshes/Camera/SM_CraneRig_Mount.uasset" 197
"../../../Engine/Content/EditorMeshes/Camera/SM_RailRig_Mount.uasset" 198
"../../../Engine/Content/EditorMeshes/Camera/SM_RailRig_Track.uasset" 199
"../../../Engine/Content/EditorResources/BSPVertex.uasset" 200
"../../../Engine/Content/EditorResources/EmptyActor.uasset" 201
"../../../Engine/Content/EditorResources/S_Actor.uasset" 202
"../../../Engine/Content/EditorResources/S_Note.uasset" 203
"../../../Engine/Content/EditorResources/S_Solver.uasset" 204
"../../../Engine/Content/EditorResources/S_Terrain.uasset" 205
"../../../Engine/Content/EditorResources/S_Trigger.uasset" 206
"../../../Engine/Content/EditorResources/AudioIcons/S_AudioComponent.uasset" 207
"../../../Engine/Content/EditorResources/AudioIcons/S_AudioComponent_AutoActivate.uasset" 208
"../../../Engine/Content/EditorResources/LightIcons/S_LightError.uasset" 209
"../../../Engine/Content/EditorResources/SequenceRecorder/Countdown.uasset" 210
"../../../Engine/Content/EditorResources/SequenceRecorder/RecordingIndicator.uasset" 211
"../../../Engine/Content/EngineDamageTypes/DmgTypeBP_Environmental.uasset" 212
"../../../Engine/Content/EngineDebugMaterials/DebugEditorMaterial.uasset" 213
"../../../Engine/Content/EngineDebugMaterials/DebugMeshMaterial.uasset" 214
"../../../Engine/Content/EngineDebugMaterials/M_SimpleUnlitTranslucent.uasset" 215
"../../../Engine/Content/EngineDebugMaterials/VolumeToRender.uasset" 216
"../../../Engine/Content/Functions/Engine_MaterialFunctions02/Utility/CameraDirectionVector.uasset" 217
"../../../Engine/Content/EngineDebugMaterials/M_VolumeRenderSphereTracePP.uasset" 218
"../../../Engine/Content/Functions/Engine_MaterialFunctions01/Shading/ConvertFromDiffSpec.uasset" 219
"../../../Engine/Content/EngineDebugMaterials/VertexColorMaterial.uasset" 220
"../../../Engine/Content/EngineDebugMaterials/WireframeMaterial.uasset" 221
"../../../Engine/Content/EngineFonts/Faces/RobotoRegular.uasset" 222
"../../../Engine/Content/EngineFonts/Faces/RobotoLight.uasset" 223
"../../../Engine/Content/EngineFonts/Faces/RobotoItalic.uasset" 224
"../../../Engine/Content/EngineFonts/Faces/RobotoBoldItalic.uasset" 225
"../../../Engine/Content/EngineFonts/Faces/RobotoBold.uasset" 226
"../../../Engine/Content/EngineFonts/Faces/DroidSansFallback.uasset" 227
"../../../Engine/Content/EngineFonts/Roboto.uasset" 228
"../../../Engine/Content/EngineMaterials/BaseFlattenNormalMap.uasset" 229
"../../../Engine/Content/EngineMaterials/BaseFlattenGrayscaleMap.uasset" 230
"../../../Engine/Content/EngineMaterials/BaseFlattenEmissiveMap.uasset" 231
"../../../Engine/Content/EngineMaterials/BaseFlattenDiffuseMap.uasset" 232
"../../../Engine/Content/EngineMaterials/BaseFlattenMaterial.uasset" 233
"../../../Engine/Content/EngineMaterials/BlueNoise.uasset" 234
"../../../Engine/Content/EngineMaterials/DefaultBloomKernel.uasset" 235
"../../../Engine/Content/EngineMaterials/DefaultBokeh.uasset" 236
"../../../Engine/Content/EngineMaterials/DefaultDiffuse.uasset" 237
"../../../Engine/Content/EngineMaterials/DefaultDeferredDecalMaterial.uasset" 238
"../../../Engine/Content/EngineMaterials/DefaultLightFunctionMaterial.uasset" 239
"../../../Engine/Content/EngineMaterials/DefaultPhysicalMaterial.uasset" 240
"../../../Engine/Content/Functions/Engine_MaterialFunctions02/Utility/BreakOutFloat2Components.uasset" 241
"../../../Engine/Content/EngineMaterials/DefaultPostProcessMaterial.uasset" 242
"../../../Engine/Content/EngineFonts/RobotoDistanceField.uasset" 243
"../../../Engine/Content/EngineMaterials/DefaultTextMaterialOpaque.uasset" 244
"../../../Engine/Content/EngineMaterials/DefaultWhiteGrid.uasset" 245
"../../../Engine/Content/EngineMaterials/DefaultWhiteGrid_Low.uasset" 246
"../../../Engine/Content/EngineMaterials/EmissiveMeshMaterial.uasset" 247
"../../../Engine/Content/EngineMaterials/GizmoMaterial.uasset" 248
"../../../Engine/Content/EngineMaterials/Good64x64TilingNoiseHighFreq.uasset" 249
"../../../Engine/Content/EngineMaterials/MiniFont.uasset" 250
"../../../Engine/Content/EngineMaterials/InvalidLightmapSettings.uasset" 251
"../../../Engine/Content/EngineMaterials/M_InvalidLightmapSettings.uasset" 252
"../../../Engine/Content/Functions/Engine_MaterialFunctions02/WorldPositionOffset/CameraOffset.uasset" 253
"../../../Engine/Content/EngineMaterials/PhAT_JointLimitMaterial.uasset" 254
"../../../Engine/Content/EngineMaterials/PreintegratedSkinBRDF.uasset" 255
"../../../Engine/Content/EngineMaterials/RemoveSurfaceMaterial.uasset" 256
"../../../Engine/Content/EngineMaterials/WeightMapPlaceholderTexture.uasset" 257
"../../../Engine/Content/EngineResources/WhiteSquareTexture.uasset" 258
"../../../Engine/Content/EngineMaterials/Widget3DPassThrough.uasset" 259
"../../../Engine/Content/EngineMaterials/Widget3DPassThrough_Masked.uasset" 260
"../../../Engine/Content/EngineMaterials/Widget3DPassThrough_Opaque.uasset" 261
"../../../Engine/Content/EngineMaterials/Widget3DPassThrough_Masked_OneSided.uasset" 262
"../../../Engine/Content/EngineMaterials/Widget3DPassThrough_Opaque_OneSided.uasset" 263
"../../../Engine/Content/EngineMaterials/Widget3DPassThrough_Translucent.uasset" 264
"../../../Engine/Content/EngineMaterials/Widget3DPassThrough_Translucent_OneSided.uasset" 265
"../../../Engine/Content/EngineMeshes/Cylinder.uasset" 266
"../../../Engine/Content/EngineMeshes/Sphere.uasset" 267
"../../../Engine/Content/EngineResources/Black.uasset" 268
"../../../Engine/Content/EngineResources/DefaultTextureCube.uasset" 269
"../../../Engine/Content/EngineResources/DefaultVolumeTexture2D.uasset" 270
"../../../Engine/Content/EngineResources/DefaultVolumeTexture.uasset" 271
"../../../Engine/Content/EngineResources/GradientTexture0.uasset" 272
"../../../Engine/Content/EngineSky/VolumetricClouds/T_NoiseShape64.uasset" 273
"../../../Engine/Content/EngineSky/VolumetricClouds/T_VolumeNoiseShape64.uasset" 274
"../../../Engine/Content/EngineSky/VolumetricClouds/T_NoiseErosion.uasset" 275
"../../../Engine/Content/EngineSky/VolumetricClouds/T_VolumeNoiseErosion32.uasset" 276
"../../../Engine/Content/EngineSky/VolumetricClouds/CloudWeatherTexture.uasset" 277
"../../../Engine/Content/EngineSky/VolumetricClouds/CloudGradientTexture.uasset" 278
"../../../Engine/Content/Functions/Engine_MaterialFunctions02/Utility/MakeFloat2.uasset" 279
"../../../Engine/Content/EngineSky/VolumetricClouds/m_SimpleVolumetricCloud.uasset" 280
"../../../Engine/Content/EngineSky/VolumetricClouds/m_SimpleVolumetricCloud_Inst.uasset" 281
"../../../Engine/Content/EngineSounds/Master.uasset" 282
"../../../Engine/Content/Functions/Engine_MaterialFunctions01/Shading/PowerToRoughness.uasset" 283
"../../../Engine/Content/Maps/Templates/Thumbnails/Default.uasset" 284
"../../../Engine/Content/Maps/Templates/Thumbnails/TimeOfDay.uasset" 285
"../../../Engine/Content/Maps/Templates/Thumbnails/VR-Basic.uasset" 286
"../../../Engine/Content/MobileResources/T_MobileControls_texture.uasset" 287
"../../../Engine/Content/MobileResources/T_MobileMenu2.uasset" 288
"../../../Engine/Content/MobileResources/HUD/AnalogHat.uasset" 289
"../../../Engine/Content/MobileResources/HUD/VirtualJoystick_Thumb.uasset" 290
"../../../Engine/Content/MobileResources/HUD/VirtualJoystick_Background.uasset" 291
"../../../Engine/Content/MobileResources/HUD/DefaultVirtualJoysticks.uasset" 292
"../../../Engine/Content/MobileResources/HUD/LeftVirtualJoystickOnly.uasset" 293
"../../../Engine/Content/MobileResources/HUD/MobileHUDButton1_off.uasset" 294
"../../../Engine/Content/MobileResources/HUD/MobileHUDButton1_on.uasset" 295
"../../../Engine/Content/MobileResources/HUD/MobileHUDButton2_off.uasset" 296
"../../../Engine/Content/MobileResources/HUD/MobileHUDButton2_on.uasset" 297
"../../../Engine/Content/MobileResources/HUD/MobileHUDButton3.uasset" 298
"../../../Engine/Content/MobileResources/HUD/MobileHUDButtonFire.uasset" 299
"../../../Engine/Content/MobileResources/HUD/MobileHUDDirectionPad.uasset" 300
"../../../Engine/Content/MobileResources/HUD/MobileHUDDirectionPad2.uasset" 301
"../../../Engine/Content/MobileResources/HUD/MobileHUDDirectionPad3.uasset" 302
"../../../Engine/Content/MobileResources/HUD/MobileHUDDirectionStick.uasset" 303
"../../../Engine/Content/MobileResources/HUD/T_Castle_ThumbstickInner.uasset" 304
"../../../Engine/Content/MobileResources/HUD/T_Castle_ThumbstickOutter.uasset" 305
"../../../Engine/Content/Tutorial/ContentIntroCurve.uasset" 306
"../../../Engine/Content/Tutorial/Basics/LevelEditorAttract.uasset" 307
"../../../Engine/Content/VREditor/TransformGizmo/TranslucentTransformGizmoMaterial.uasset" 308
"../../../Engine/Content/VREditor/LaserPointer/VR_LaserPower_01.uasset" 309
"../../../Engine/Content/VREditor/TransformGizmo/TransformGizmoMaterial.uasset" 310
"../../../Engine/Content/VREditor/TransformGizmo/BoundingBoxCorner.uasset" 311
"../../../Engine/Content/VREditor/TransformGizmo/BoundingBoxEdge.uasset" 312
"../../../Engine/Content/VREditor/TransformGizmo/PlaneTranslationHandle.uasset" 313
"../../../Engine/Content/VREditor/TransformGizmo/Xray.uasset" 314
"../../../Engine/Content/VREditor/TransformGizmo/Main.uasset" 315
"../../../Engine/Content/VREditor/TransformGizmo/SM_Sequencer_Key.uasset" 316
"../../../Engine/Content/VREditor/TransformGizmo/SM_Sequencer_Node.uasset" 317
"../../Plugins/2D/Paper2D/Content/PlaceholderTextures/DummySpriteTexture.uasset" 318
"../../Plugins/2D/Paper2D/Content/DummySprite.uasset" 319
"../../Plugins/2D/Paper2D/Content/DefaultPaperTerrainMaterial.uasset" 320
"../../Plugins/2D/Paper2D/Content/DefaultSpriteMaterial.uasset" 321
"../../Plugins/2D/Paper2D/Content/MaskedUnlitSpriteMaterial.uasset" 322
"../../Plugins/2D/Paper2D/Content/OpaqueUnlitSpriteMaterial.uasset" 323
"../../../Engine/Content/Functions/Engine_MaterialFunctions02/Utility/BreakOutFloat3Components.uasset" 324
"../../Plugins/Editor/SpeedTreeImporter/Content/SpeedTree9/UnpackInteger3.uasset" 325
"../../Plugins/Editor/SpeedTreeImporter/Content/SpeedTree9/UnpackDirection.uasset" 326
"../../Plugins/Editor/SpeedTreeImporter/Content/SpeedTree9/game_wind_noise.uasset" 327
"../../../Engine/Content/Functions/Engine_MaterialFunctions02/SafeNormalize.uasset" 328
"../../Plugins/Editor/SpeedTreeImporter/Content/SpeedTree9/SpeedTreeWindMotion.uasset" 329
"../../Plugins/Editor/SpeedTreeImporter/Content/SpeedTree9/SpeedTreeBranchMotion.uasset" 330
"../../../Engine/Content/Functions/Engine_MaterialFunctions02/ObjectLocalBounds.uasset" 331
"../../../Engine/Content/Functions/Engine_MaterialFunctions02/UVs/BoundingBoxBased_0-1_UVW.uasset" 332
"../../Plugins/Editor/SpeedTreeImporter/Content/SpeedTree9/SpeedTreeWind.uasset" 333
"../../Plugins/Editor/SpeedTreeImporter/Content/SpeedTree9/SpeedTreeBillboard.uasset" 334
"../../../Engine/Content/EngineResources/DefaultTexture.uasset" 335
"../../Plugins/Editor/SpeedTreeImporter/Content/SpeedTree9/SpeedTreeBillboardMaster.uasset" 336
"../../Plugins/Editor/SpeedTreeImporter/Content/SpeedTree9/SpeedTreeCameraFacing.uasset" 337
"../../Plugins/Editor/SpeedTreeImporter/Content/SpeedTree9/SpeedTreeMaster.uasset" 338
"../../../Engine/Content/BasicShapes/Cylinder.uasset" 339
"../../../Engine/Content/ArtTools/RenderToTexture/Materials/Debug/M_Emissive_Color.uasset" 340
"../../Plugins/Lumin/MagicLeapPassableWorld/Content/MagicLeapARPinInfoActor.uasset" 341
"../../../Engine/Content/Functions/Engine_MaterialFunctions02/Utility/BreakOutFloat4Components.uasset" 342
"../../../Engine/Content/Functions/Engine_MaterialFunctions02/Utility/MakeFloat3.uasset" 343
"../../Plugins/Runtime/Oculus/OculusVR/Content/Materials/OculusMR_ChromaKey.uasset" 344
"../../Plugins/Runtime/Oculus/OculusVR/Content/Materials/OculusMR_OpaqueColoredMaterial.uasset" 345
"../../Plugins/Runtime/Oculus/OculusVR/Content/Materials/PokeAHoleMaterial.uasset" 346
"../../../../../../Capstone_Group12/Cap/Content/UI/Menus/Death.uasset" 347
"../../../../../../Capstone_Group12/Cap/Content/Levels/Death.umap" 348
"../../../../../../Capstone_Group12/Cap/Content/Assets/Images/Distance.uasset" 349
"../../../../../../Capstone_Group12/Cap/Content/Assets/Images/EnergyDrink.uasset" 350
"../../../../../../Capstone_Group12/Cap/Content/Assets/Images/pills.uasset" 351
"../../../../../../Capstone_Group12/Cap/Content/UI/Menus/Help.uasset" 352
"../../../../../../Capstone_Group12/Cap/Content/UI/Menus/Difficulties.uasset" 353
"../../../../../../Capstone_Group12/Cap/Content/UI/Menus/Credit.uasset" 354
"../../../../../../Capstone_Group12/Cap/Content/Assets/Images/mapImage.uasset" 355
"../../../../../../Capstone_Group12/Cap/Content/Assets/Images/Quit.uasset" 356
"../../../../../../Capstone_Group12/Cap/Content/Assets/Images/Credit.uasset" 357
"../../../../../../Capstone_Group12/Cap/Content/UI/Menus/MainMenu.uasset" 358
"../../../../../../Capstone_Group12/Cap/Content/Levels/MainMenu.umap" 359
"../../../../../../Capstone_Group12/Cap/Content/UI/HUD/Test.uasset" 360
"../../../Engine/Content/BasicShapes/BasicShapeMaterial.uasset" 361
"../../../Engine/Content/BasicShapes/Sphere.uasset" 362
"../../../../../../Capstone_Group12/Cap/Content/Blueprints/Characters/BPMonster.uasset" 363
"../../../../../../Capstone_Group12/Cap/Content/StarterContent/Textures/T_Metal_Gold_D.uasset" 364
"../../../../../../Capstone_Group12/Cap/Content/StarterContent/Textures/T_Metal_Gold_N.uasset" 365
"../../../../../../Capstone_Group12/Cap/Content/StarterContent/Textures/T_MacroVariation.uasset" 366
"../../../../../../Capstone_Group12/Cap/Content/StarterContent/Materials/M_Metal_Gold.uasset" 367
"../../../../../../Capstone_Group12/Cap/Content/Blueprints/PickUps/BP_Fuse.uasset" 368
"../../../Engine/Content/BasicShapes/Plane.uasset" 369
"../../../../../../Capstone_Group12/Cap/Content/UI/Puzzle/Riddle.uasset" 370
"../../../../../../Capstone_Group12/Cap/Content/Blueprints/Triggers/T_Riddle.uasset" 371
"../../../../../../Capstone_Group12/Cap/Content/Assets/Images/instructions.uasset" 372
"../../../../../../Capstone_Group12/Cap/Content/UI/Puzzle/Electron.uasset" 373
"../../../../../../Capstone_Group12/Cap/Content/Blueprints/Triggers/T_Power.uasset" 374
"../../../../../../Capstone_Group12/Cap/Content/Assets/Images/D0.uasset" 375
"../../../../../../Capstone_Group12/Cap/Content/Assets/Images/D1.uasset" 376
"../../../../../../Capstone_Group12/Cap/Content/Assets/Images/D2.uasset" 377
"../../../../../../Capstone_Group12/Cap/Content/Assets/Images/D3.uasset" 378
"../../../../../../Capstone_Group12/Cap/Content/Assets/Images/D4.uasset" 379
"../../../../../../Capstone_Group12/Cap/Content/Assets/Images/D5.uasset" 380
"../../../../../../Capstone_Group12/Cap/Content/Assets/Images/D6.uasset" 381
"../../../../../../Capstone_Group12/Cap/Content/Assets/Images/D7.uasset" 382
"../../../../../../Capstone_Group12/Cap/Content/Assets/Images/D8.uasset" 383
"../../../../../../Capstone_Group12/Cap/Content/Assets/Images/D9.uasset" 384
"../../../../../../Capstone_Group12/Cap/Content/Assets/Images/PasscodeCard.uasset" 385
"../../../../../../Capstone_Group12/Cap/Content/UI/Puzzle/Passcode.uasset" 386
"../../../../../../Capstone_Group12/Cap/Content/Blueprints/Triggers/T_Passcode.uasset" 387
"../../../../../../Capstone_Group12/Cap/Content/StarterContent/Textures/T_Wood_Oak_N.uasset" 388
"../../../../../../Capstone_Group12/Cap/Content/StarterContent/Textures/T_Wood_Oak_D.uasset" 389
"../../../../../../Capstone_Group12/Cap/Content/StarterContent/Materials/M_Wood_Oak.uasset" 390
"../../../../../../Capstone_Group12/Cap/Content/Blueprints/Triggers/T_Gate.uasset" 391
"../../../../../../Capstone_Group12/Cap/Content/Blueprints/Triggers/T_FuseBox.uasset" 392
"../../../../../../Capstone_Group12/Cap/Content/Geometry/Meshes/CubeMaterial.uasset" 393
"../../../../../../Capstone_Group12/Cap/Content/Geometry/Meshes/1M_Cube.uasset" 394
"../../../../../../Capstone_Group12/Cap/Content/Geometry/Meshes/TemplateFloor.uasset" 395
"../../../Engine/Content/EngineSky/C_Sky_Zenith_Color.uasset" 396
"../../../Engine/Content/EngineSky/C_Sky_Horizon_Color.uasset" 397
"../../../Engine/Content/EngineSky/C_Sky_Cloud_Color.uasset" 398
"../../../Engine/Content/EngineSky/T_Sky_Blue.uasset" 399
"../../../Engine/Content/EngineSky/T_Sky_Clouds_M.uasset" 400
"../../../Engine/Content/EngineSky/T_Sky_Stars.uasset" 401
"../../../Engine/Content/EngineSky/M_Sky_Panning_Clouds2.uasset" 402
"../../../Engine/Content/EngineSky/SM_SkySphere.uasset" 403
"../../../Engine/Content/EngineSky/BP_Sky_Sphere.uasset" 404
"../../../../../../Capstone_Group12/Cap/Content/ThirdPerson/Meshes/RampMaterial.uasset" 405
"../../../../../../Capstone_Group12/Cap/Content/ThirdPerson/Meshes/Bump_StaticMesh.uasset" 406
"../../../../../../Capstone_Group12/Cap/Content/Assets/Materials/pills_Mat.uasset" 407
"../../../../../../Capstone_Group12/Cap/Content/Blueprints/PickUps/BP_Pill.uasset" 408
"../../../../../../Capstone_Group12/Cap/Content/Assets/Materials/EnergyDrink_Mat.uasset" 409
"../../../../../../Capstone_Group12/Cap/Content/Blueprints/PickUps/BP_Stimulant.uasset" 410
"../../../../../../Capstone_Group12/Cap/Content/Levels/ThirdPersonExampleMap_BuiltData.uasset" 411
"../../../../../../Capstone_Group12/Cap/Content/ThirdPerson/Meshes/LeftArm_StaticMesh.uasset" 412
"../../../../../../Capstone_Group12/Cap/Content/ThirdPerson/Meshes/Linear_Stair_StaticMesh.uasset" 413
"../../../../../../Capstone_Group12/Cap/Content/ThirdPerson/Meshes/Ramp_StaticMesh.uasset" 414
"../../../../../../Capstone_Group12/Cap/Content/ThirdPerson/Meshes/RightArm_StaticMesh.uasset" 415
"../../../../../../Capstone_Group12/Cap/Content/Geometry/Meshes/1M_Cube_Chamfer.uasset" 416
"../../../../../../Capstone_Group12/Cap/Content/Assets/Images/Null.uasset" 417
"../../../../../../Capstone_Group12/Cap/Content/UI/HUD/Full_Inventory.uasset" 418
"../../../../../../Capstone_Group12/Cap/Content/UI/HUD/Timer.uasset" 419
"../../../../../../Capstone_Group12/Cap/Content/UI/HUD/HUD.uasset" 420
"../../../../../../Capstone_Group12/Cap/Content/Levels/ThirdPersonExampleMap.umap" 421
"../../../../../../Capstone_Group12/Cap/Content/UI/Menus/TimeUp.uasset" 422
"../../../../../../Capstone_Group12/Cap/Content/Levels/Timeup.umap" 423
"../../../../../../Capstone_Group12/Cap/Content/UI/Menus/Win.uasset" 424
"../../../../../../Capstone_Group12/Cap/Content/Levels/Win.umap" 425
"../../../../../../Capstone_Group12/Cap/Content/StarterContent/Materials/M_AssetPlatform.uasset" 426
"../../../../../../Capstone_Group12/Cap/Content/StarterContent/Architecture/SM_AssetPlatform.uasset" 427
"../../../Engine/Content/EditorMeshes/ColorCalibrator/M_GreyBall.uasset" 428
"../../../Engine/Content/EditorMeshes/ColorCalibrator/Color_checker.uasset" 429
"../../../Engine/Content/EditorMeshes/ColorCalibrator/M_ColorGrid.uasset" 430
"../../../Engine/Content/EditorMeshes/ColorCalibrator/M_ClearCoatBlack.uasset" 431
"../../../Engine/Content/EditorMeshes/ColorCalibrator/M_ClearCoat.uasset" 432
"../../../Engine/Content/EditorMeshes/ColorCalibrator/M_ChromeBall.uasset" 433
"../../../Engine/Content/EditorMeshes/ColorCalibrator/SM_ColorCalibrator.uasset" 434
"../../../../../../Capstone_Group12/Cap/Content/StarterContent/Maps/Advanced_Lighting_BuiltData.uasset" 435
"../../../../../../Capstone_Group12/Cap/Content/StarterContent/HDRI/HDRI_Epic_Courtyard_Daylight.uasset" 436
"../../../Engine/Content/MapTemplates/Sky/DaylightAmbientCubemap.uasset" 437
"../../../../../../Capstone_Group12/Cap/Content/StarterContent/Blueprints/Assets/M_LightStage_Skybox_Master.uasset" 438
"../../../../../../Capstone_Group12/Cap/Content/StarterContent/Blueprints/Assets/M_LightStage_Skybox_HDRI.uasset" 439
"../../../../../../Capstone_Group12/Cap/Content/StarterContent/Blueprints/Assets/M_LightStage_Arrows.uasset" 440
"../../../../../../Capstone_Group12/Cap/Content/StarterContent/Blueprints/Assets/SM_Arrows.uasset" 441
"../../../Engine/Content/EditorMaterials/Thumbnails/SkySphereMaterial.uasset" 442
"../../../../../../Capstone_Group12/Cap/Content/StarterContent/Blueprints/Assets/Skybox.uasset" 443
"../../../../../../Capstone_Group12/Cap/Content/StarterContent/Blueprints/Assets/M_LightStage_Skybox_Black.uasset" 444
"../../../../../../Capstone_Group12/Cap/Content/StarterContent/Blueprints/Assets/SunlightColorLUT.uasset" 445
"../../../../../../Capstone_Group12/Cap/Content/StarterContent/Blueprints/Assets/FogBrightnessLUT.uasset" 446
"../../../../../../Capstone_Group12/Cap/Content/StarterContent/Blueprints/BP_LightStudio.uasset" 447
"../../../../../../Capstone_Group12/Cap/Content/StarterContent/Maps/Advanced_Lighting.umap" 448
"../../../../../../Capstone_Group12/Cap/Content/StarterContent/Audio/Starter_Background_Cue.uasset" 449
"../../../../../../Capstone_Group12/Cap/Content/StarterContent/Architecture/Floor_400x400.uasset" 450
"../../../../../../Capstone_Group12/Cap/Content/StarterContent/Textures/T_TableRound_N.uasset" 451
"../../../../../../Capstone_Group12/Cap/Content/StarterContent/Textures/T_TableRound_M.uasset" 452
"../../../../../../Capstone_Group12/Cap/Content/StarterContent/Props/Materials/M_TableRound.uasset" 453
"../../../../../../Capstone_Group12/Cap/Content/StarterContent/Props/SM_TableRound.uasset" 454
"../../../../../../Capstone_Group12/Cap/Content/StarterContent/Textures/T_Statue_N.uasset" 455
"../../../../../../Capstone_Group12/Cap/Content/StarterContent/Textures/T_Statue_M.uasset" 456
"../../../../../../Capstone_Group12/Cap/Content/StarterContent/Props/Materials/M_Statue.uasset" 457
"../../../../../../Capstone_Group12/Cap/Content/StarterContent/Props/Materials/M_StatueGlass.uasset" 458
"../../../../../../Capstone_Group12/Cap/Content/StarterContent/Props/SM_Statue.uasset" 459
"../../../../../../Capstone_Group12/Cap/Content/StarterContent/Props/SM_Chair.uasset" 460
"../../../../../../Capstone_Group12/Cap/Content/StarterContent/Textures/T_Metal_Copper_D.uasset" 461
"../../../../../../Capstone_Group12/Cap/Content/StarterContent/Materials/M_Metal_Copper.uasset" 462
"../../../../../../Capstone_Group12/Cap/Content/StarterContent/Textures/T_Metal_Aluminum_D.uasset" 463
"../../../../../../Capstone_Group12/Cap/Content/StarterContent/Materials/M_Metal_Burnished_Steel.uasset" 464
"../../../../../../Capstone_Group12/Cap/Content/StarterContent/Materials/M_Metal_Brushed_Nickel.uasset" 465
"../../../../../../Capstone_Group12/Cap/Content/StarterContent/Maps/Minimal_Default_BuiltData.uasset" 466
"../../../../../../Capstone_Group12/Cap/Content/StarterContent/Maps/Minimal_Default.umap" 467
"../../../../../../Capstone_Group12/Cap/Content/StarterContent/Shapes/Shape_Sphere.uasset" 468
"../../../../../../Capstone_Group12/Cap/Content/StarterContent/Shapes/Shape_QuadPyramid.uasset" 469
"../../../../../../Capstone_Group12/Cap/Content/StarterContent/Shapes/Shape_Cube.uasset" 470
"../../../../../../Capstone_Group12/Cap/Content/StarterContent/Textures/T_Frame_N.uasset" 471
"../../../../../../Capstone_Group12/Cap/Content/StarterContent/Textures/T_Frame_M.uasset" 472
"../../../../../../Capstone_Group12/Cap/Content/StarterContent/Props/Materials/M_Frame.uasset" 473
"../../../../../../Capstone_Group12/Cap/Content/StarterContent/Props/SM_WindowFrame.uasset" 474
"../../../../../../Capstone_Group12/Cap/Content/StarterContent/Props/SM_PillarFrame300.uasset" 475
"../../../../../../Capstone_Group12/Cap/Content/StarterContent/Props/SM_PillarFrame.uasset" 476
"../../../../../../Capstone_Group12/Cap/Content/StarterContent/Props/SM_GlassWindow.uasset" 477
"../../../../../../Capstone_Group12/Cap/Content/StarterContent/Props/SM_DoorFrame.uasset" 478
"../../../../../../Capstone_Group12/Cap/Content/StarterContent/Props/SM_CornerFrame.uasset" 479
"../../../../../../Capstone_Group12/Cap/Content/StarterContent/Props/MaterialSphere.uasset" 480
"../../../../../../Capstone_Group12/Cap/Content/StarterContent/Textures/T_Dust_Particle_D.uasset" 481
"../../../../../../Capstone_Group12/Cap/Content/StarterContent/Particles/Materials/M_Dust_Particle.uasset" 482
"../../../../../../Capstone_Group12/Cap/Content/StarterContent/Particles/P_Ambient_Dust.uasset" 483
"../../../../../../Capstone_Group12/Cap/Content/StarterContent/Audio/Collapse_Cue.uasset" 484
"../../../../../../Capstone_Group12/Cap/Content/StarterContent/Architecture/Wall_Window_400x300.uasset" 485
"../../../../../../Capstone_Group12/Cap/Content/StarterContent/Architecture/Wall_Door_400x300.uasset" 486
"../../../../../../Capstone_Group12/Cap/Content/StarterContent/Architecture/Wall_400x200.uasset" 487
"../../../../../../Capstone_Group12/Cap/Content/StarterContent/Textures/T_Wood_Walnut_N.uasset" 488
"../../../../../../Capstone_Group12/Cap/Content/StarterContent/Textures/T_Wood_Walnut_D.uasset" 489
"../../../../../../Capstone_Group12/Cap/Content/StarterContent/Materials/M_Wood_Walnut.uasset" 490
"../../../../../../Capstone_Group12/Cap/Content/StarterContent/Textures/T_Perlin_Noise_M.uasset" 491
"../../../../../../Capstone_Group12/Cap/Content/StarterContent/Textures/T_Wood_Pine_N.uasset" 492
"../../../../../../Capstone_Group12/Cap/Content/StarterContent/Textures/T_Wood_Pine_D.uasset" 493
"../../../../../../Capstone_Group12/Cap/Content/StarterContent/Materials/M_Wood_Pine.uasset" 494
"../../../Engine/Content/Functions/Engine_MaterialFunctions01/Opacity/AlphaOffset.uasset" 495
"../../../../../../Capstone_Group12/Cap/Content/StarterContent/Textures/T_Wood_Floor_Walnut_N.uasset" 496
"../../../../../../Capstone_Group12/Cap/Content/StarterContent/Textures/T_Wood_Floor_Walnut_M.uasset" 497
"../../../../../../Capstone_Group12/Cap/Content/StarterContent/Textures/T_Wood_Floor_Walnut_D.uasset" 498
"../../../../../../Capstone_Group12/Cap/Content/StarterContent/Materials/M_Wood_Floor_Walnut_Worn.uasset" 499
"../../../../../../Capstone_Group12/Cap/Content/StarterContent/Materials/M_Wood_Floor_Walnut_Polished.uasset" 500
"../../../../../../Capstone_Group12/Cap/Content/StarterContent/Textures/T_Water_M.uasset" 501
"../../../../../../Capstone_Group12/Cap/Content/StarterContent/Textures/T_Water_N.uasset" 502
"../../../../../../Capstone_Group12/Cap/Content/StarterContent/Materials/M_Water_Ocean.uasset" 503
"../../../../../../Capstone_Group12/Cap/Content/StarterContent/Materials/M_Water_Lake.uasset" 504
"../../../../../../Capstone_Group12/Cap/Content/StarterContent/Textures/T_Metal_Steel_D.uasset" 505
"../../../../../../Capstone_Group12/Cap/Content/StarterContent/Textures/T_Tech_Panel_N.uasset" 506
"../../../../../../Capstone_Group12/Cap/Content/StarterContent/Textures/T_Tech_Panel_M.uasset" 507
"../../../../../../Capstone_Group12/Cap/Content/StarterContent/Materials/M_Tech_Panel.uasset" 508
"../../../../../../Capstone_Group12/Cap/Content/StarterContent/Textures/T_Tech_Hex_Tile_M.uasset" 509
"../../../../../../Capstone_Group12/Cap/Content/StarterContent/Textures/T_Tech_Hex_Tile_N.uasset" 510
"../../../../../../Capstone_Group12/Cap/Content/StarterContent/Materials/M_Tech_Hex_Tile_Pulse.uasset" 511
"../../../../../../Capstone_Group12/Cap/Content/StarterContent/Materials/M_Tech_Hex_Tile.uasset" 512
"../../../../../../Capstone_Group12/Cap/Content/StarterContent/Textures/T_Tech_Dot_N.uasset" 513
"../../../../../../Capstone_Group12/Cap/Content/StarterContent/Textures/T_Tech_Dot_M.uasset" 514
"../../../../../../Capstone_Group12/Cap/Content/StarterContent/Textures/T_Single_Tile_N.uasset" 515
"../../../../../../Capstone_Group12/Cap/Content/StarterContent/Textures/T_Checker_Noise_M.uasset" 516
"../../../../../../Capstone_Group12/Cap/Content/StarterContent/Materials/M_Tech_Checker_Dot.uasset" 517
"../../../../../../Capstone_Group12/Cap/Content/StarterContent/Textures/T_Rock_Slate_N.uasset" 518
"../../../../../../Capstone_Group12/Cap/Content/StarterContent/Textures/T_Rock_Slate_D.uasset" 519
"../../../../../../Capstone_Group12/Cap/Content/StarterContent/Materials/M_Rock_Slate.uasset" 520
"../../../../../../Capstone_Group12/Cap/Content/StarterContent/Textures/T_Rock_Sandstone_N.uasset" 521
"../../../../../../Capstone_Group12/Cap/Content/StarterContent/Textures/T_Rock_Sandstone_D.uasset" 522
"../../../../../../Capstone_Group12/Cap/Content/StarterContent/Materials/M_Rock_Sandstone.uasset" 523
"../../../../../../Capstone_Group12/Cap/Content/StarterContent/Textures/T_Rock_Marble_Polished_D.uasset" 524
"../../../../../../Capstone_Group12/Cap/Content/StarterContent/Materials/M_Rock_Marble_Polished.uasset" 525
"../../../../../../Capstone_Group12/Cap/Content/StarterContent/Textures/T_Rock_Basalt_N.uasset" 526
"../../../../../../Capstone_Group12/Cap/Content/StarterContent/Materials/M_Rock_Basalt.uasset" 527
"../../../../../../Capstone_Group12/Cap/Content/StarterContent/Textures/T_Metal_Steel_N.uasset" 528
"../../../../../../Capstone_Group12/Cap/Content/StarterContent/Materials/M_Metal_Steel.uasset" 529
"../../../../../../Capstone_Group12/Cap/Content/StarterContent/Textures/T_Metal_Rust_D.uasset" 530
"../../../../../../Capstone_Group12/Cap/Content/StarterContent/Textures/T_Metal_Rust_N.uasset" 531
"../../../../../../Capstone_Group12/Cap/Content/StarterContent/Materials/M_Metal_Rust.uasset" 532
"../../../../../../Capstone_Group12/Cap/Content/StarterContent/Materials/M_Metal_Chrome.uasset" 533
"../../../../../../Capstone_Group12/Cap/Content/StarterContent/Textures/T_Ground_Moss_N.uasset" 534
"../../../../../../Capstone_Group12/Cap/Content/StarterContent/Textures/T_ground_Moss_D.uasset" 535
"../../../../../../Capstone_Group12/Cap/Content/StarterContent/Materials/M_Ground_Moss.uasset" 536
"../../../../../../Capstone_Group12/Cap/Content/StarterContent/Textures/T_Ground_Gravel_N.uasset" 537
"../../../../../../Capstone_Group12/Cap/Content/StarterContent/Textures/T_Ground_Gravel_D.uasset" 538
"../../../../../../Capstone_Group12/Cap/Content/StarterContent/Materials/M_Ground_Gravel.uasset" 539
"../../../../../../Capstone_Group12/Cap/Content/StarterContent/Textures/T_Ground_Grass_N.uasset" 540
"../../../../../../Capstone_Group12/Cap/Content/StarterContent/Textures/T_Ground_Grass_D.uasset" 541
"../../../../../../Capstone_Group12/Cap/Content/StarterContent/Materials/M_Ground_Grass.uasset" 542
"../../../../../../Capstone_Group12/Cap/Content/StarterContent/Textures/T_Concrete_Tiles_Variation_M.uasset" 543
"../../../../../../Capstone_Group12/Cap/Content/StarterContent/Textures/T_Concrete_Tiles_N.uasset" 544
"../../../../../../Capstone_Group12/Cap/Content/StarterContent/Textures/T_Concrete_Tiles_M.uasset" 545
"../../../../../../Capstone_Group12/Cap/Content/StarterContent/Textures/T_Concrete_Tiles_D.uasset" 546
"../../../../../../Capstone_Group12/Cap/Content/StarterContent/Materials/M_Concrete_Tiles.uasset" 547
"../../../../../../Capstone_Group12/Cap/Content/StarterContent/Textures/T_Concrete_Panels_N.uasset" 548
"../../../../../../Capstone_Group12/Cap/Content/StarterContent/Textures/T_Concrete_Panels_D.uasset" 549
"../../../../../../Capstone_Group12/Cap/Content/StarterContent/Materials/M_Concrete_Panels.uasset" 550
"../../../../../../Capstone_Group12/Cap/Content/StarterContent/Textures/T_Concrete_Grime_D.uasset" 551
"../../../../../../Capstone_Group12/Cap/Content/StarterContent/Materials/M_Concrete_Grime.uasset" 552
"../../../../../../Capstone_Group12/Cap/Content/StarterContent/Textures/T_CobbleStone_Smooth_N.uasset" 553
"../../../../../../Capstone_Group12/Cap/Content/StarterContent/Textures/T_CobbleStone_Smooth_M.uasset" 554
"../../../../../../Capstone_Group12/Cap/Content/StarterContent/Textures/T_CobbleStone_Smooth_D.uasset" 555
"../../../../../../Capstone_Group12/Cap/Content/StarterContent/Textures/T_Rock_Smooth_Granite_D.uasset" 556
"../../../../../../Capstone_Group12/Cap/Content/StarterContent/Textures/T_Gradinet_01.uasset" 557
"../../../../../../Capstone_Group12/Cap/Content/StarterContent/Materials/M_CobbleStone_Smooth.uasset" 558
"../../../../../../Capstone_Group12/Cap/Content/StarterContent/Textures/T_CobbleStone_Rough_N.uasset" 559
"../../../../../../Capstone_Group12/Cap/Content/StarterContent/Textures/T_CobbleStone_Rough_D.uasset" 560
"../../../../../../Capstone_Group12/Cap/Content/StarterContent/Materials/M_CobbleStone_Rough.uasset" 561
"../../../../../../Capstone_Group12/Cap/Content/StarterContent/Textures/T_CobbleStone_Pebble_N.uasset" 562
"../../../../../../Capstone_Group12/Cap/Content/StarterContent/Textures/T_CobbleStone_Pebble_M.uasset" 563
"../../../../../../Capstone_Group12/Cap/Content/StarterContent/Textures/T_CobbleStone_Pebble_D.uasset" 564
"../../../../../../Capstone_Group12/Cap/Content/StarterContent/Materials/M_CobbleStone_Pebble.uasset" 565
"../../../../../../Capstone_Group12/Cap/Content/StarterContent/Textures/T_Ceramic_Tile_N.uasset" 566
"../../../../../../Capstone_Group12/Cap/Content/StarterContent/Textures/T_Ceramic_Tile_M.uasset" 567
"../../../../../../Capstone_Group12/Cap/Content/StarterContent/Materials/M_Ceramic_Tile_Checker.uasset" 568
"../../../../../../Capstone_Group12/Cap/Content/StarterContent/Textures/T_Brick_Hewn_Stone_N.uasset" 569
"../../../../../../Capstone_Group12/Cap/Content/StarterContent/Textures/T_Brick_Hewn_Stone_M.uasset" 570
"../../../../../../Capstone_Group12/Cap/Content/StarterContent/Textures/T_Brick_Hewn_Stone_D.uasset" 571
"../../../../../../Capstone_Group12/Cap/Content/StarterContent/Materials/M_Brick_Hewn_Stone.uasset" 572
"../../../../../../Capstone_Group12/Cap/Content/StarterContent/Textures/T_Brick_Cut_Stone_N.uasset" 573
"../../../../../../Capstone_Group12/Cap/Content/StarterContent/Textures/T_Brick_Cut_Stone_D.uasset" 574
"../../../../../../Capstone_Group12/Cap/Content/StarterContent/Materials/M_Brick_Cut_Stone.uasset" 575
"../../../../../../Capstone_Group12/Cap/Content/StarterContent/Textures/T_Brick_Clay_Old_N.uasset" 576
"../../../../../../Capstone_Group12/Cap/Content/StarterContent/Textures/T_Brick_Clay_Old_D.uasset" 577
"../../../../../../Capstone_Group12/Cap/Content/StarterContent/Materials/M_Brick_Clay_Old.uasset" 578
"../../../../../../Capstone_Group12/Cap/Content/StarterContent/Textures/T_Brick_Clay_New_N.uasset" 579
"../../../../../../Capstone_Group12/Cap/Content/StarterContent/Textures/T_Brick_Clay_New_M.uasset" 580
"../../../../../../Capstone_Group12/Cap/Content/StarterContent/Textures/T_Brick_Clay_New_D.uasset" 581
"../../../../../../Capstone_Group12/Cap/Content/StarterContent/Materials/M_Brick_Clay_New.uasset" 582
"../../../../../../Capstone_Group12/Cap/Content/StarterContent/Textures/T_Brick_Clay_Beveled_N.uasset" 583
"../../../../../../Capstone_Group12/Cap/Content/StarterContent/Textures/T_Brick_Clay_Beveled_M.uasset" 584
"../../../../../../Capstone_Group12/Cap/Content/StarterContent/Textures/T_Brick_Clay_Beveled_D.uasset" 585
"../../../../../../Capstone_Group12/Cap/Content/StarterContent/Materials/M_Brick_Clay_Beveled.uasset" 586
"../../../Engine/Content/Functions/Engine_MaterialFunctions03/Procedurals/ComputeFilterWidth.uasset" 587
"../../../Engine/Content/EngineMaterials/AntiAliasedTextMaterialTranslucent.uasset" 588
"../../../../../../Capstone_Group12/Cap/Content/StarterContent/Maps/StarterMap_BuiltData.uasset" 589
"../../../../../../Capstone_Group12/Cap/Content/StarterContent/Textures/T_Concrete_Poured_N.uasset" 590
"../../../../../../Capstone_Group12/Cap/Content/StarterContent/Textures/T_Concrete_Poured_D.uasset" 591
"../../../../../../Capstone_Group12/Cap/Content/StarterContent/Materials/M_Concrete_Poured.uasset" 592
"../../../../../../Capstone_Group12/Cap/Content/StarterContent/Textures/T_Lamp_N.uasset" 593
"../../../../../../Capstone_Group12/Cap/Content/StarterContent/Textures/T_Lamp_M.uasset" 594
"../../../../../../Capstone_Group12/Cap/Content/StarterContent/Props/Materials/M_Lamp.uasset" 595
"../../../../../../Capstone_Group12/Cap/Content/StarterContent/Props/SM_Lamp_Wall.uasset" 596
"../../../../../../Capstone_Group12/Cap/Content/StarterContent/Blueprints/Blueprint_WallSconce.uasset" 597
"../../../../../../Capstone_Group12/Cap/Content/StarterContent/Particles/P_Steam_Lit.uasset" 598
"../../../../../../Capstone_Group12/Cap/Content/StarterContent/Audio/Steam01_Cue.uasset" 599
"../../../../../../Capstone_Group12/Cap/Content/StarterContent/Blueprints/Blueprint_Effect_Steam.uasset" 600
"../../../../../../Capstone_Group12/Cap/Content/StarterContent/Audio/Fire_Sparks01_Cue.uasset" 601
"../../../../../../Capstone_Group12/Cap/Content/StarterContent/Textures/T_Spark_Core.uasset" 602
"../../../../../../Capstone_Group12/Cap/Content/StarterContent/Particles/Materials/M_Spark.uasset" 603
"../../../../../../Capstone_Group12/Cap/Content/StarterContent/Particles/Materials/M_Radial_Gradient.uasset" 604
"../../../../../../Capstone_Group12/Cap/Content/StarterContent/Particles/P_Sparks.uasset" 605
"../../../../../../Capstone_Group12/Cap/Content/StarterContent/Blueprints/Blueprint_Effect_Sparks.uasset" 606
"../../../../../../Capstone_Group12/Cap/Content/StarterContent/Audio/Smoke01_Cue.uasset" 607
"../../../../../../Capstone_Group12/Cap/Content/StarterContent/Particles/P_Smoke.uasset" 608
"../../../../../../Capstone_Group12/Cap/Content/StarterContent/Blueprints/Blueprint_Effect_Smoke.uasset" 609
"../../../../../../Capstone_Group12/Cap/Content/StarterContent/Audio/Fire01_Cue.uasset" 610
"../../../../../../Capstone_Group12/Cap/Content/StarterContent/Particles/Materials/M_Heat_Distortion.uasset" 611
"../../../../../../Capstone_Group12/Cap/Content/StarterContent/Textures/T_Fire_Tiled_D.uasset" 612
"../../../../../../Capstone_Group12/Cap/Content/StarterContent/Textures/T_Fire_SubUV.uasset" 613
"../../../../../../Capstone_Group12/Cap/Content/StarterContent/Particles/Materials/M_Fire_SubUV.uasset" 614
"../../../../../../Capstone_Group12/Cap/Content/StarterContent/Particles/P_Fire.uasset" 615
"../../../../../../Capstone_Group12/Cap/Content/StarterContent/Blueprints/Blueprint_Effect_Fire.uasset" 616
"../../../../../../Capstone_Group12/Cap/Content/StarterContent/Props/SM_Lamp_Ceiling.uasset" 617
"../../../../../../Capstone_Group12/Cap/Content/StarterContent/Blueprints/Blueprint_CeilingLight.uasset" 618
"../../../../../../Capstone_Group12/Cap/Content/StarterContent/Audio/Starter_Music_Cue.uasset" 619
"../../../../../../Capstone_Group12/Cap/Content/StarterContent/Maps/StarterMap.umap" 620
"../../../../../../Capstone_Group12/Cap/Content/UI/TestPuzzel.umap" 621
"../../../Engine/Content/Maps/Entry_BuiltData.uasset" 622
"../../../Engine/Content/Maps/Entry.umap" 623
